{
  "stats": {
    "suites": 1,
    "tests": 4,
    "passes": 4,
    "pending": 0,
    "failures": 0,
    "testsRegistered": 4,
    "passPercent": 100,
    "pendingPercent": 0,
    "other": 0,
    "hasOther": false,
    "skipped": 0,
    "hasSkipped": false,
    "start": "2025-03-18T03:19:55.981Z",
    "end": "2025-03-18T03:20:10.754Z",
    "duration": 14773
  },
  "results": [
    {
      "uuid": "f0ae4693-45fd-4e9f-b3c3-3335794df394",
      "title": "",
      "fullFile": "cypress\\e2e\\spec.cy.js",
      "file": "cypress\\e2e\\spec.cy.js",
      "beforeHooks": [],
      "afterHooks": [],
      "tests": [],
      "suites": [
        {
          "uuid": "f2173c7d-6fa5-47f6-846d-8cf11e6d5b13",
          "title": "xyz bank customer page",
          "fullFile": "",
          "file": "",
          "beforeHooks": [],
          "afterHooks": [],
          "tests": [
            {
              "title": "validate customer existence",
              "fullTitle": "xyz bank customer page validate customer existence",
              "timedOut": null,
              "duration": 5197,
              "state": "passed",
              "speed": "medium",
              "pass": true,
              "fail": false,
              "pending": false,
              "context": null,
              "code": "cy.get('table>tbody>tr').should('have.length.gt', 0);",
              "err": {},
              "uuid": "a5169097-4bec-4060-8d1b-c300224d9b4b",
              "parentUUID": "f2173c7d-6fa5-47f6-846d-8cf11e6d5b13",
              "isHook": false,
              "skipped": false
            },
            {
              "title": "should fetch searched customer",
              "fullTitle": "xyz bank customer page should fetch searched customer",
              "timedOut": null,
              "duration": 2257,
              "state": "passed",
              "speed": "fast",
              "pass": true,
              "fail": false,
              "pending": false,
              "context": null,
              "code": "cy.get('input[ng-model=\"searchCustomer\"]').type(\"harry\");\ncy.get('table>tbody>tr>td').should('contain', 'Harry');",
              "err": {},
              "uuid": "286a1b4b-f853-41eb-98e2-4f23dc994477",
              "parentUUID": "f2173c7d-6fa5-47f6-846d-8cf11e6d5b13",
              "isHook": false,
              "skipped": false
            },
            {
              "title": "should delete customer",
              "fullTitle": "xyz bank customer page should delete customer",
              "timedOut": null,
              "duration": 1809,
              "state": "passed",
              "speed": "fast",
              "pass": true,
              "fail": false,
              "pending": false,
              "context": null,
              "code": "cy.get('table>tbody>tr>td').contains('Harry').parent().find('button').click();\ncy.get('table>tbody>tr>td').should('not.contain', 'Harry');",
              "err": {},
              "uuid": "b16709ee-59e0-47e5-94e6-fa05e5de3293",
              "parentUUID": "f2173c7d-6fa5-47f6-846d-8cf11e6d5b13",
              "isHook": false,
              "skipped": false
            },
            {
              "title": "should delete customer fetched by search",
              "fullTitle": "xyz bank customer page should delete customer fetched by search",
              "timedOut": null,
              "duration": 2065,
              "state": "passed",
              "speed": "fast",
              "pass": true,
              "fail": false,
              "pending": false,
              "context": null,
              "code": "cy.get('input[ng-model=\"searchCustomer\"]').type(\"harry\");\ncy.get('table>tbody>tr>td').contains('Harry').parent().find('button').click();\ncy.get('table>tbody>tr').should('have.length', 0);",
              "err": {},
              "uuid": "7b5cbb0c-7c9e-497e-a005-cef83e55793e",
              "parentUUID": "f2173c7d-6fa5-47f6-846d-8cf11e6d5b13",
              "isHook": false,
              "skipped": false
            }
          ],
          "suites": [],
          "passes": [
            "a5169097-4bec-4060-8d1b-c300224d9b4b",
            "286a1b4b-f853-41eb-98e2-4f23dc994477",
            "b16709ee-59e0-47e5-94e6-fa05e5de3293",
            "7b5cbb0c-7c9e-497e-a005-cef83e55793e"
          ],
          "failures": [],
          "pending": [],
          "skipped": [],
          "duration": 11328,
          "root": false,
          "rootEmpty": false,
          "_timeout": 2000
        }
      ],
      "passes": [],
      "failures": [],
      "pending": [],
      "skipped": [],
      "duration": 0,
      "root": true,
      "rootEmpty": true,
      "_timeout": 2000
    }
  ],
  "meta": {
    "mocha": {
      "version": "7.0.1"
    },
    "mochawesome": {
      "options": {
        "quiet": true,
        "reportFilename": "mochawesome",
        "saveHtml": false,
        "saveJson": true,
        "consoleReporter": "spec",
        "useInlineDiffs": false,
        "code": true
      },
      "version": "7.1.3"
    },
    "marge": {
      "options": {
        "id": "default",
        "reportDir": "cypress/reports/mocha",
        "quiet": true,
        "overwrite": false,
        "html": false,
        "json": true
      },
      "version": "6.2.0"
    }
  }
}