{
  "stats": {
    "suites": 1,
    "tests": 4,
    "passes": 4,
    "pending": 0,
    "failures": 0,
    "testsRegistered": 4,
    "passPercent": 100,
    "pendingPercent": 0,
    "other": 0,
    "hasOther": false,
    "skipped": 0,
    "hasSkipped": false,
    "start": "2025-03-18T02:43:21.456Z",
    "end": "2025-03-18T02:43:34.261Z",
    "duration": 12805
  },
  "results": [
    {
      "uuid": "86a87d6d-838f-47ea-9a7d-f395a1c05934",
      "title": "",
      "fullFile": "cypress\\e2e\\spec.cy.js",
      "file": "cypress\\e2e\\spec.cy.js",
      "beforeHooks": [],
      "afterHooks": [],
      "tests": [],
      "suites": [
        {
          "uuid": "f413c741-5432-40aa-b70d-faa58b570356",
          "title": "xyz bank customer page",
          "fullFile": "",
          "file": "",
          "beforeHooks": [],
          "afterHooks": [],
          "tests": [
            {
              "title": "validate customer existence",
              "fullTitle": "xyz bank customer page validate customer existence",
              "timedOut": null,
              "duration": 4657,
              "state": "passed",
              "speed": "fast",
              "pass": true,
              "fail": false,
              "pending": false,
              "context": null,
              "code": "cy.get('table>tbody>tr').should('have.length.gt', 0);",
              "err": {},
              "uuid": "105db3d3-bc78-4c5a-bf58-3fc0eedeeb35",
              "parentUUID": "f413c741-5432-40aa-b70d-faa58b570356",
              "isHook": false,
              "skipped": false
            },
            {
              "title": "should fetch searched customer",
              "fullTitle": "xyz bank customer page should fetch searched customer",
              "timedOut": null,
              "duration": 2202,
              "state": "passed",
              "speed": "fast",
              "pass": true,
              "fail": false,
              "pending": false,
              "context": null,
              "code": "cy.get('input[ng-model=\"searchCustomer\"]').type(\"harry\");\ncy.get('table>tbody>tr>td').should('contain', 'Harry');",
              "err": {},
              "uuid": "2aab8fce-d317-4daf-9318-f49c3e63345c",
              "parentUUID": "f413c741-5432-40aa-b70d-faa58b570356",
              "isHook": false,
              "skipped": false
            },
            {
              "title": "should delete customer",
              "fullTitle": "xyz bank customer page should delete customer",
              "timedOut": null,
              "duration": 1538,
              "state": "passed",
              "speed": "fast",
              "pass": true,
              "fail": false,
              "pending": false,
              "context": null,
              "code": "cy.get('table>tbody>tr>td').contains('Harry').parent().find('button').click();\ncy.get('table>tbody>tr>td').should('not.contain', 'Harry');",
              "err": {},
              "uuid": "f0658086-a9b0-4076-a4f1-c017515ab557",
              "parentUUID": "f413c741-5432-40aa-b70d-faa58b570356",
              "isHook": false,
              "skipped": false
            },
            {
              "title": "should delete customer fetched by search",
              "fullTitle": "xyz bank customer page should delete customer fetched by search",
              "timedOut": null,
              "duration": 1879,
              "state": "passed",
              "speed": "fast",
              "pass": true,
              "fail": false,
              "pending": false,
              "context": null,
              "code": "cy.get('input[ng-model=\"searchCustomer\"]').type(\"harry\");\ncy.get('table>tbody>tr>td').contains('Harry').parent().find('button').click();\ncy.get('table>tbody>tr').should('have.length', 0);",
              "err": {},
              "uuid": "57f474b7-870b-4460-8faf-71b210832e19",
              "parentUUID": "f413c741-5432-40aa-b70d-faa58b570356",
              "isHook": false,
              "skipped": false
            }
          ],
          "suites": [],
          "passes": [
            "105db3d3-bc78-4c5a-bf58-3fc0eedeeb35",
            "2aab8fce-d317-4daf-9318-f49c3e63345c",
            "f0658086-a9b0-4076-a4f1-c017515ab557",
            "57f474b7-870b-4460-8faf-71b210832e19"
          ],
          "failures": [],
          "pending": [],
          "skipped": [],
          "duration": 10276,
          "root": false,
          "rootEmpty": false,
          "_timeout": 2000
        }
      ],
      "passes": [],
      "failures": [],
      "pending": [],
      "skipped": [],
      "duration": 0,
      "root": true,
      "rootEmpty": true,
      "_timeout": 2000
    }
  ],
  "meta": {
    "mocha": {
      "version": "7.0.1"
    },
    "mochawesome": {
      "options": {
        "quiet": true,
        "reportFilename": "mochawesome",
        "saveHtml": false,
        "saveJson": true,
        "consoleReporter": "spec",
        "useInlineDiffs": false,
        "code": true
      },
      "version": "7.1.3"
    },
    "marge": {
      "options": {
        "id": "default",
        "reportDir": "cypress/reports/mocha",
        "quiet": true,
        "overwrite": false,
        "html": false,
        "json": true
      },
      "version": "6.2.0"
    }
  }
}