{
  "stats": {
    "suites": 1,
    "tests": 4,
    "passes": 4,
    "pending": 0,
    "failures": 0,
    "start": "2025-03-17T11:19:34.499Z",
    "end": "2025-03-17T11:19:47.458Z",
    "duration": 12959,
    "testsRegistered": 4,
    "passPercent": 100,
    "pendingPercent": 0,
    "other": 0,
    "hasOther": false,
    "skipped": 0,
    "hasSkipped": false
  },
  "results": [
    {
      "uuid": "d1a75698-d715-424d-b457-7b32516ff334",
      "title": "",
      "fullFile": "cypress\\e2e\\spec.cy.js",
      "file": "cypress\\e2e\\spec.cy.js",
      "beforeHooks": [],
      "afterHooks": [],
      "tests": [],
      "suites": [
        {
          "uuid": "2e7961ae-b0fc-4825-abd2-3dd6b0b47870",
          "title": "xyz bank customer page",
          "fullFile": "",
          "file": "",
          "beforeHooks": [],
          "afterHooks": [],
          "tests": [
            {
              "title": "validate customer existence",
              "fullTitle": "xyz bank customer page validate customer existence",
              "timedOut": null,
              "duration": 3873,
              "state": "passed",
              "speed": "fast",
              "pass": true,
              "fail": false,
              "pending": false,
              "context": null,
              "code": "cy.get('table>tbody>tr').should('have.length.gt', 0);",
              "err": {},
              "uuid": "df5fd1f9-1199-480b-bea5-5c6759c725f5",
              "parentUUID": "2e7961ae-b0fc-4825-abd2-3dd6b0b47870",
              "isHook": false,
              "skipped": false
            },
            {
              "title": "should fetch searched customer",
              "fullTitle": "xyz bank customer page should fetch searched customer",
              "timedOut": null,
              "duration": 1815,
              "state": "passed",
              "speed": "fast",
              "pass": true,
              "fail": false,
              "pending": false,
              "context": null,
              "code": "cy.get('input[ng-model=\"searchCustomer\"]').type(\"harry\");\ncy.get('table>tbody>tr>td').should('contain', 'Harry');",
              "err": {},
              "uuid": "cfb64929-8125-4737-998b-de2067180e35",
              "parentUUID": "2e7961ae-b0fc-4825-abd2-3dd6b0b47870",
              "isHook": false,
              "skipped": false
            },
            {
              "title": "should delete customer",
              "fullTitle": "xyz bank customer page should delete customer",
              "timedOut": null,
              "duration": 1681,
              "state": "passed",
              "speed": "fast",
              "pass": true,
              "fail": false,
              "pending": false,
              "context": null,
              "code": "cy.get('table>tbody>tr>td').contains('Harry').parent().find('button').click();\ncy.get('table>tbody>tr>td').should('not.contain', 'Harry');",
              "err": {},
              "uuid": "959d9e25-7309-4a79-a6b2-045b55811873",
              "parentUUID": "2e7961ae-b0fc-4825-abd2-3dd6b0b47870",
              "isHook": false,
              "skipped": false
            },
            {
              "title": "should delete customer fetched by search",
              "fullTitle": "xyz bank customer page should delete customer fetched by search",
              "timedOut": null,
              "duration": 2558,
              "state": "passed",
              "speed": "fast",
              "pass": true,
              "fail": false,
              "pending": false,
              "context": null,
              "code": "cy.get('input[ng-model=\"searchCustomer\"]').type(\"harry\");\ncy.get('table>tbody>tr>td').contains('Harry').parent().find('button').click();\ncy.get('table>tbody>tr').should('have.length', 0);",
              "err": {},
              "uuid": "f365dd71-a953-477d-a5f1-877eca989f56",
              "parentUUID": "2e7961ae-b0fc-4825-abd2-3dd6b0b47870",
              "isHook": false,
              "skipped": false
            }
          ],
          "suites": [],
          "passes": [
            "df5fd1f9-1199-480b-bea5-5c6759c725f5",
            "cfb64929-8125-4737-998b-de2067180e35",
            "959d9e25-7309-4a79-a6b2-045b55811873",
            "f365dd71-a953-477d-a5f1-877eca989f56"
          ],
          "failures": [],
          "pending": [],
          "skipped": [],
          "duration": 9927,
          "root": false,
          "rootEmpty": false,
          "_timeout": 2000
        }
      ],
      "passes": [],
      "failures": [],
      "pending": [],
      "skipped": [],
      "duration": 0,
      "root": true,
      "rootEmpty": true,
      "_timeout": 2000
    }
  ],
  "meta": {
    "mocha": {
      "version": "7.0.1"
    },
    "mochawesome": {
      "options": {
        "quiet": false,
        "reportFilename": "mochawesome",
        "saveHtml": false,
        "saveJson": true,
        "consoleReporter": "spec",
        "useInlineDiffs": false,
        "code": true
      },
      "version": "7.1.3"
    },
    "marge": {
      "options": {
        "charts": true,
        "overwrite": false,
        "html": false,
        "json": true,
        "reportDir": "cypress/reports/"
      },
      "version": "6.2.0"
    }
  }
}